<?xml version="1.0" encoding="utf-8"?><testsuites name="pytest tests"><testsuite name="pytest" errors="0" failures="0" skipped="0" tests="545" time="50.387" timestamp="2026-06-16T20:54:59.340275+08:00" hostname="OASISPACE.local"><testcase classname="tests.e2e.test_account_loading_ux" name="test_account_new_form_has_loading_attr" time="0.322" /><testcase classname="tests.e2e.test_accounts_admin" name="test_admin_creates_manager_account_with_services" time="0.168" /><testcase classname="tests.e2e.test_accounts_admin" name="test_create_account_page_requires_admin" time="0.156" /><testcase classname="tests.e2e.test_accounts_admin" name="test_manager_with_two_services_sees_both" time="0.182" /><testcase classname="tests.e2e.test_accounts_admin" name="test_service_detail_assign_and_remove_manager" time="0.231" /><testcase classname="tests.e2e.test_accounts_admin" name="test_account_detail_assign_remove_service" time="0.209" /><testcase classname="tests.e2e.test_accounts_admin" name="test_account_edit_updates_email_and_phone" time="0.203" /><testcase classname="tests.e2e.test_accounts_admin" name="test_account_edit_duplicate_email_blocked" time="0.232" /><testcase classname="tests.e2e.test_accounts_admin" name="test_account_disable_and_delete" time="0.221" /><testcase classname="tests.e2e.test_accounts_admin" name="test_cannot_delete_self" time="0.151" /><testcase classname="tests.e2e.test_admin_flows" name="test_login_page_renders" time="0.141" /><testcase classname="tests.e2e.test_admin_flows" name="test_login_success_and_dashboard" time="0.264" /><testcase classname="tests.e2e.test_admin_flows" name="test_session_cookie_flags" time="0.195" /><testcase classname="tests.e2e.test_admin_flows" name="test_wrong_password_shows_error" time="0.153" /><testcase classname="tests.e2e.test_admin_flows" name="test_anonymous_redirected_to_login" time="0.068" /><testcase classname="tests.e2e.test_admin_flows" name="test_htmx_request_gets_hx_redirect" time="0.069" /><testcase classname="tests.e2e.test_admin_flows" name="test_logout_destroys_session" time="0.153" /><testcase classname="tests.e2e.test_admin_flows" name="test_logout_without_csrf_rejected" time="0.155" /><testcase classname="tests.e2e.test_admin_flows" name="test_setup_password_full_flow" time="0.187" /><testcase classname="tests.e2e.test_admin_flows" name="test_setup_password_mismatch_shows_error" time="0.100" /><testcase classname="tests.e2e.test_admin_flows" name="test_password_reset_destroys_existing_session" time="0.223" /><testcase classname="tests.e2e.test_admin_operations" name="test_saved_query_emits_hx_trigger" time="0.155" /><testcase classname="tests.e2e.test_admin_operations" name="test_settings_page_and_forms" time="0.209" /><testcase classname="tests.e2e.test_admin_operations" name="test_settings_security_policy_form" time="0.278" /><testcase classname="tests.e2e.test_admin_operations" name="test_settings_admin_ips_form" time="0.178" /><testcase classname="tests.e2e.test_admin_operations" name="test_settings_page_forbidden_for_manager" time="0.163" /><testcase classname="tests.e2e.test_admin_operations" name="test_admin_ip_restriction" time="0.178" /><testcase classname="tests.e2e.test_admin_operations" name="test_manager_sees_only_own_subscriptions" time="0.175" /><testcase classname="tests.e2e.test_admin_operations" name="test_admin_sees_all_subscriptions" time="0.171" /><testcase classname="tests.e2e.test_admin_operations" name="test_manager_cannot_open_other_service_subscription_detail" time="0.165" /><testcase classname="tests.e2e.test_admin_operations" name="test_subscription_detail_shows_trial_in_progress" time="0.179" /><testcase classname="tests.e2e.test_admin_operations" name="test_subscription_detail_shows_no_trial_for_plain_plan" time="0.160" /><testcase classname="tests.e2e.test_admin_operations" name="test_subscription_detail_shows_trial_used_after_conversion" time="0.160" /><testcase classname="tests.e2e.test_admin_operations" name="test_force_cancel_subscription" time="0.166" /><testcase classname="tests.e2e.test_admin_operations" name="test_payments_page_scoped" time="0.249" /><testcase classname="tests.e2e.test_admin_operations" name="test_users_page_admin_only_and_reset_password" time="0.222" /><testcase classname="tests.e2e.test_admin_operations" name="test_audit_page_lists_actions" time="0.166" /><testcase classname="tests.e2e.test_admin_operations" name="test_audit_page_forbidden_for_manager" time="0.176" /><testcase classname="tests.e2e.test_admin_operations" name="test_manager_cannot_force_cancel_other_service_subscription" time="0.255" /><testcase classname="tests.e2e.test_admin_operations" name="test_reset_password_destroys_target_user_sessions" time="0.299" /><testcase classname="tests.e2e.test_admin_operations" name="test_audit_resolves_target_and_detail" time="0.213" /><testcase classname="tests.e2e.test_admin_operations" name="test_audit_service_actor_shows_name_link" time="0.159" /><testcase classname="tests.e2e.test_admin_operations" name="test_audit_action_filter" time="0.200" /><testcase classname="tests.e2e.test_admin_operations" name="test_audit_q_searches_actor_target_detail" time="0.235" /><testcase classname="tests.e2e.test_admin_operations" name="test_audit_export_xlsx" time="0.209" /><testcase classname="tests.e2e.test_admin_operations" name="test_audit_export_applies_filters" time="0.206" /><testcase classname="tests.e2e.test_admin_operations" name="test_audit_page_has_export_button" time="0.195" /><testcase classname="tests.e2e.test_admin_operations" name="test_subscription_service_filter_and_expiry_sort" time="0.183" /><testcase classname="tests.e2e.test_admin_operations" name="test_audit_purge_deletes_only_before_date" time="0.213" /><testcase classname="tests.e2e.test_admin_operations" name="test_audit_purge_invalid_date_shows_error" time="0.147" /><testcase classname="tests.e2e.test_admin_operations" name="test_audit_page_has_purge_form" time="0.146" /><testcase classname="tests.e2e.test_admin_operations" name="test_audit_purge_rejects_future_date" time="0.150" /><testcase classname="tests.e2e.test_admin_operations" name="test_audit_purge_requires_csrf" time="0.276" /><testcase classname="tests.e2e.test_admin_operations" name="test_audit_purge_empty_date_shows_error" time="0.163" /><testcase classname="tests.e2e.test_admin_operations" name="test_payments_date_range_filter" time="0.214" /><testcase classname="tests.e2e.test_admin_operations" name="test_subscriptions_date_range_filter" time="0.176" /><testcase classname="tests.e2e.test_admin_operations" name="test_payments_kind_and_service_filter" time="0.184" /><testcase classname="tests.e2e.test_admin_operations" name="test_payments_filter_order" time="0.153" /><testcase classname="tests.e2e.test_admin_operations" name="test_subscriptions_plan_filter" time="0.186" /><testcase classname="tests.e2e.test_admin_operations" name="test_payments_plan_filter_subscription_only" time="0.184" /><testcase classname="tests.e2e.test_admin_operations" name="test_payment_kind_type_badges" time="0.172" /><testcase classname="tests.e2e.test_admin_operations" name="test_payment_detail_page_and_scope" time="0.290" /><testcase classname="tests.e2e.test_admin_operations" name="test_external_cancel_api" time="0.084" /><testcase classname="tests.e2e.test_admin_operations" name="test_external_cancel_api_disabled_service" time="0.082" /><testcase classname="tests.e2e.test_admin_operations" name="test_admin_payment_cancel_button_and_action" time="0.216" /><testcase classname="tests.e2e.test_admin_operations" name="test_admin_payment_cancel_requires_csrf" time="0.151" /><testcase classname="tests.e2e.test_admin_operations" name="test_saved_modal_trigger_on_write_success" time="0.269" /><testcase classname="tests.e2e.test_admin_operations" name="test_service_detail_events_section_shows_audit_detail" time="0.163" /><testcase classname="tests.e2e.test_admin_operations" name="test_subscription_extend_via_admin" time="0.182" /><testcase classname="tests.e2e.test_admin_services_plans" name="test_register_service_shows_keys_once" time="0.208" /><testcase classname="tests.e2e.test_admin_services_plans" name="test_register_service_invalid_ip_shows_error" time="0.211" /><testcase classname="tests.e2e.test_admin_services_plans" name="test_rotate_keys_invalidates_old_hash" time="0.160" /><testcase classname="tests.e2e.test_admin_services_plans" name="test_update_ips" time="0.186" /><testcase classname="tests.e2e.test_admin_services_plans" name="test_delete_service_with_subscription_blocked" time="0.165" /><testcase classname="tests.e2e.test_admin_services_plans" name="test_manager_cannot_access_services_admin" time="0.151" /><testcase classname="tests.e2e.test_admin_services_plans" name="test_manager_creates_plan" time="0.173" /><testcase classname="tests.e2e.test_admin_services_plans" name="test_manager_plan_validation_error_rendered" time="0.163" /><testcase classname="tests.e2e.test_admin_services_plans" name="test_manager_edits_and_archives_plan" time="0.175" /><testcase classname="tests.e2e.test_admin_services_plans" name="test_manager_cannot_touch_other_service_plan" time="0.155" /><testcase classname="tests.e2e.test_admin_services_plans" name="test_manager_cannot_archive_or_delete_other_service_plan" time="0.171" /><testcase classname="tests.e2e.test_admin_services_plans" name="test_plan_delete_conflict_error_shown_in_list" time="0.274" /><testcase classname="tests.e2e.test_admin_services_plans" name="test_new_service_form_lists_manager_accounts" time="0.198" /><testcase classname="tests.e2e.test_admin_services_plans" name="test_new_service_form_no_managers_shows_guide" time="0.154" /><testcase classname="tests.e2e.test_admin_services_plans" name="test_register_without_primary_shows_error" time="0.190" /><testcase classname="tests.e2e.test_admin_services_plans" name="test_register_with_primary_only_auto_includes" time="0.191" /><testcase classname="tests.e2e.test_admin_services_plans" name="test_plans_list_filters_service_cycle_status" time="0.199" /><testcase classname="tests.e2e.test_admin_services_plans" name="test_plans_list_plan_name_filter" time="0.169" /><testcase classname="tests.e2e.test_admin_services_plans" name="test_plan_options_scoped_to_selected_service" time="0.177" /><testcase classname="tests.e2e.test_admin_services_plans" name="test_invalid_extra_info_returns_form_error_not_500_create" time="0.236" /><testcase classname="tests.e2e.test_admin_services_plans" name="test_extra_info_rows_stored" time="0.161" /><testcase classname="tests.e2e.test_admin_services_plans" name="test_invalid_extra_info_returns_form_error_not_500_update" time="0.163" /><testcase classname="tests.e2e.test_admin_services_plans" name="test_plan_bonus_days_extends_subscriptions" time="0.160" /><testcase classname="tests.e2e.test_admin_services_plans" name="test_plans_menu_paginates_15_per_page" time="0.176" /><testcase classname="tests.e2e.test_dashboard_page" name="test_dashboard_revenue_section" time="0.197" /><testcase classname="tests.e2e.test_dashboard_page" name="test_dashboard_subscription_section" time="0.187" /><testcase classname="tests.e2e.test_dashboard_page" name="test_dashboard_twelve_month_charts" time="0.318" /><testcase classname="tests.e2e.test_dashboard_page" name="test_dashboard_manager_scope_no_service_tables" time="0.188" /><testcase classname="tests.e2e.test_dashboard_page" name="test_dashboard_recent_subs_and_trial_payment" time="0.182" /><testcase classname="tests.e2e.test_dashboard_page" name="test_dashboard_shows_live_clock" time="0.186" /><testcase classname="tests.e2e.test_email_flash" name="test_render_injects_flash_from_query_params" time="0.153" /><testcase classname="tests.e2e.test_email_flash" name="test_flash_without_type_defaults_to_complete" time="0.155" /><testcase classname="tests.e2e.test_email_flash" name="test_no_flash_param_no_data_flash_attr" time="0.157" /><testcase classname="tests.e2e.test_email_flash" name="test_email_flash_qs_success" time="0.036" /><testcase classname="tests.e2e.test_email_flash" name="test_email_flash_qs_failure" time="0.033" /><testcase classname="tests.e2e.test_email_flash" name="test_reset_password_success_flash" time="0.187" /><testcase classname="tests.e2e.test_email_flash" name="test_reset_password_failure_flash" time="0.185" /><testcase classname="tests.e2e.test_email_flash" name="test_create_account_success_flash" time="0.187" /><testcase classname="tests.e2e.test_email_flash" name="test_create_account_failure_flash" time="0.151" /><testcase classname="tests.e2e.test_full_flow" name="test_full_subscription_lifecycle" time="0.412" /><testcase classname="tests.e2e.test_htmx_partials" name="test_full_page_contains_wrapper_and_hx_attrs" time="0.178" /><testcase classname="tests.e2e.test_htmx_partials" name="test_hx_request_returns_partial_only" time="0.173" /><testcase classname="tests.e2e.test_htmx_partials" name="test_hx_sort_param_applied" time="0.259" /><testcase classname="tests.e2e.test_htmx_partials" name="test_detail_subs_sort_partial" time="0.159" /><testcase classname="tests.e2e.test_htmx_partials" name="test_detail_plan_archive_partial_flow" time="0.167" /><testcase classname="tests.e2e.test_htmx_partials" name="test_detail_full_page_still_renders_both_lists" time="0.159" /><testcase classname="tests.e2e.test_htmx_partials" name="test_detail_plan_delete_failure_shows_error_in_partial" time="0.173" /><testcase classname="tests.e2e.test_htmx_partials" name="test_service_detail_oneoff_partial" time="0.158" /><testcase classname="tests.e2e.test_killswitch" name="test_external_api_returns_503_when_server_disabled" time="0.080" /><testcase classname="tests.e2e.test_killswitch" name="test_admin_page_unaffected_when_server_disabled" time="0.151" /><testcase classname="tests.e2e.test_list_export" name="test_services_export" time="0.152" /><testcase classname="tests.e2e.test_list_export" name="test_users_export" time="0.152" /><testcase classname="tests.e2e.test_list_export" name="test_plans_export" time="0.156" /><testcase classname="tests.e2e.test_list_export" name="test_subscriptions_export" time="0.157" /><testcase classname="tests.e2e.test_list_export" name="test_payments_export_scoped_to_manager" time="0.168" /><testcase classname="tests.e2e.test_list_export" name="test_settlement_export_manager_other_service_404" time="0.150" /><testcase classname="tests.e2e.test_list_export" name="test_settlement_export_all_mode" time="0.271" /><testcase classname="tests.e2e.test_list_export" name="test_settlement_export_service_mode" time="0.156" /><testcase classname="tests.e2e.test_list_export" name="test_service_detail_exports" time="0.179" /><testcase classname="tests.e2e.test_list_export" name="test_service_detail_export_404_for_unknown_service" time="0.155" /><testcase classname="tests.e2e.test_list_export" name="test_payments_export_reflects_status_filter" time="0.158" /><testcase classname="tests.e2e.test_list_export" name="test_list_pages_show_export_buttons" time="0.176" /><testcase classname="tests.e2e.test_security_phase2" name="test_login_rate_limit_blocks_after_threshold" time="0.320" /><testcase classname="tests.e2e.test_security_phase2" name="test_security_headers_present" time="0.069" /><testcase classname="tests.e2e.test_security_phase2" name="test_service_list_can_be_disabled" time="0.071" /><testcase classname="tests.e2e.test_security_phase2" name="test_one_off_amount_over_cap_rejected" time="0.040" /><testcase classname="tests.e2e.test_security_phase2" name="test_session_absolute_expiry" time="0.176" /><testcase classname="tests.e2e.test_service_detail_page" name="test_update_ips_newline_separated" time="0.151" /><testcase classname="tests.e2e.test_service_detail_page" name="test_detail_page_renders_ip_octet_rows" time="0.158" /><testcase classname="tests.e2e.test_service_detail_page" name="test_update_ips_still_accepts_newline_payload" time="0.156" /><testcase classname="tests.e2e.test_service_detail_page" name="test_plan_form_has_amount_preview" time="0.153" /><testcase classname="tests.e2e.test_service_detail_page" name="test_plan_tables_show_first_and_recurring_amounts" time="0.166" /><testcase classname="tests.e2e.test_service_detail_page" name="test_detail_action_buttons_in_page_head" time="0.318" /><testcase classname="tests.e2e.test_service_detail_page" name="test_detail_managers_in_overview_with_edit_delete" time="0.190" /><testcase classname="tests.e2e.test_service_detail_page" name="test_detail_subscriptions_list_scoped_and_filtered" time="0.204" /><testcase classname="tests.e2e.test_service_detail_page" name="test_detail_subscriptions_paging" time="0.196" /><testcase classname="tests.e2e.test_service_detail_page" name="test_detail_oneoff_paging" time="0.221" /><testcase classname="tests.e2e.test_service_detail_page" name="test_detail_oneoff_htmx_partial" time="0.169" /><testcase classname="tests.e2e.test_service_detail_page" name="test_detail_events_paging" time="0.187" /><testcase classname="tests.e2e.test_service_detail_page" name="test_detail_events_htmx_partial" time="0.170" /><testcase classname="tests.e2e.test_service_detail_page" name="test_keys_modal_shows_keys_and_audits" time="0.164" /><testcase classname="tests.e2e.test_service_detail_page" name="test_keys_modal_legacy_service_without_encrypted_key" time="0.154" /><testcase classname="tests.e2e.test_service_detail_page" name="test_keys_modal_decrypt_failure_shows_error" time="0.153" /><testcase classname="tests.e2e.test_service_detail_page" name="test_plan_tables_discount_column_and_tooltips" time="0.163" /><testcase classname="tests.e2e.test_service_detail_page" name="test_plan_table_column_order" time="0.171" /><testcase classname="tests.e2e.test_service_detail_page" name="test_detail_overview_has_no_manager_kv_and_shows_primary_badge" time="0.233" /><testcase classname="tests.e2e.test_service_detail_page" name="test_set_primary_manager_via_post" time="0.236" /><testcase classname="tests.e2e.test_service_detail_page" name="test_remove_primary_manager_blocked" time="0.322" /><testcase classname="tests.e2e.test_service_detail_page" name="test_service_detail_shows_one_off_payments" time="0.159" /><testcase classname="tests.e2e.test_service_detail_page" name="test_cancel_policy_separate_card" time="0.154" /><testcase classname="tests.e2e.test_service_detail_page" name="test_service_create_with_cancel_policy" time="0.185" /><testcase classname="tests.e2e.test_service_detail_page" name="test_service_cancel_policy_update_via_form" time="0.170" /><testcase classname="tests.e2e.test_service_plans" name="test_admin_creates_plan_from_service_detail" time="0.152" /><testcase classname="tests.e2e.test_service_plans" name="test_service_detail_shows_plans" time="0.160" /><testcase classname="tests.e2e.test_service_plans" name="test_admin_edits_plan_returns_to_service" time="0.156" /><testcase classname="tests.e2e.test_service_plans" name="test_manager_manages_secondary_service_plan" time="0.162" /><testcase classname="tests.e2e.test_service_plans" name="test_manager_cannot_manage_unassigned_service_plan" time="0.158" /><testcase classname="tests.e2e.test_service_plans" name="test_plan_delete_conflict_returns_to_service_with_error" time="0.166" /><testcase classname="tests.e2e.test_services_list" name="test_services_list_no_auth_no_secrets" time="0.069" /><testcase classname="tests.e2e.test_services_list" name="test_services_list_sorted_by_name" time="0.072" /><testcase classname="tests.e2e.test_services_list" name="test_services_list_returns_id_as_string" time="0.071" /><testcase classname="tests.e2e.test_settlement_page" name="test_settlement_all_mode_lists_services" time="0.158" /><testcase classname="tests.e2e.test_settlement_page" name="test_settlement_service_mode_lists_payments" time="0.273" /><testcase classname="tests.e2e.test_settlement_page" name="test_settlement_default_period_renders" time="0.150" /><testcase classname="tests.e2e.test_settlement_page" name="test_settlement_manager_scope" time="0.166" /><testcase classname="tests.e2e.test_settlement_page" name="test_settlement_nav_menu" time="0.186" /><testcase classname="tests.e2e.test_settlement_page" name="test_settlement_month_picker_renders" time="0.147" /><testcase classname="tests.e2e.test_settlement_page" name="test_settlement_shows_split_and_oneoff_detail" time="0.167" /><testcase classname="tests.e2e.test_settlement_page" name="test_settlement_all_mode_shows_sub_and_one_off_columns" time="0.165" /><testcase classname="tests.e2e.test_settlement_page" name="test_settlement_service_mode_plan_filter_excludes_oneoff" time="0.166" /><testcase classname="tests.integration.test_accounts" name="test_create_manager_account_assigns_services_and_emails" time="0.045" /><testcase classname="tests.integration.test_accounts" name="test_create_admin_account_no_services" time="0.038" /><testcase classname="tests.integration.test_accounts" name="test_create_manager_without_service_allowed" time="0.038" /><testcase classname="tests.integration.test_accounts" name="test_create_duplicate_email_conflicts" time="0.037" /><testcase classname="tests.integration.test_accounts" name="test_assign_and_unassign_service" time="0.081" /><testcase classname="tests.integration.test_accounts" name="test_assign_to_admin_rejected" time="0.069" /><testcase classname="tests.integration.test_accounts" name="test_unassign_primary_promotes_or_clears" time="0.112" /><testcase classname="tests.integration.test_accounts" name="test_create_account_with_phone" time="0.038" /><testcase classname="tests.integration.test_accounts" name="test_create_account_invalid_phone_rejected" time="0.032" /><testcase classname="tests.integration.test_accounts" name="test_update_account_email_dup_check" time="0.040" /><testcase classname="tests.integration.test_accounts" name="test_disable_and_enable_account" time="0.040" /><testcase classname="tests.integration.test_accounts" name="test_enable_account_without_password_is_pending" time="0.038" /><testcase classname="tests.integration.test_accounts" name="test_soft_delete_account" time="0.041" /><testcase classname="tests.integration.test_accounts" name="test_update_account_email_syncs_primary_manager_email" time="0.077" /><testcase classname="tests.integration.test_accounts" name="test_delete_account_blocked_when_primary_manager" time="0.103" /><testcase classname="tests.integration.test_api_auth" name="test_valid_signed_request_returns_plans" time="0.078" /><testcase classname="tests.integration.test_api_auth" name="test_missing_auth_headers_rejected" time="0.075" /><testcase classname="tests.integration.test_api_auth" name="test_unknown_api_key_rejected" time="0.073" /><testcase classname="tests.integration.test_api_auth" name="test_bad_signature_rejected" time="0.072" /><testcase classname="tests.integration.test_api_auth" name="test_stale_timestamp_rejected" time="0.071" /><testcase classname="tests.integration.test_api_auth" name="test_nonce_replay_rejected" time="0.080" /><testcase classname="tests.integration.test_api_auth" name="test_ip_not_in_whitelist_rejected" time="0.185" /><testcase classname="tests.integration.test_api_auth" name="test_inactive_service_rejected" time="0.076" /><testcase classname="tests.integration.test_api_auth" name="test_health_endpoint_is_public" time="0.066" /><testcase classname="tests.integration.test_api_auth" name="test_bad_signature_does_not_burn_nonce" time="0.079" /><testcase classname="tests.integration.test_api_auth" name="test_openapi_hidden_in_prod" time="0.066" /><testcase classname="tests.integration.test_api_endpoints" name="test_create_subscription_endpoint" time="0.084" /><testcase classname="tests.integration.test_api_endpoints" name="test_create_subscription_ignores_injected_amount" time="0.088" /><testcase classname="tests.integration.test_api_endpoints" name="test_duplicate_subscription_409" time="0.089" /><testcase classname="tests.integration.test_api_endpoints" name="test_payment_failure_402_with_code" time="0.085" /><testcase classname="tests.integration.test_api_endpoints" name="test_malformed_body_422_error_format" time="0.080" /><testcase classname="tests.integration.test_api_endpoints" name="test_get_subscription_status" time="0.088" /><testcase classname="tests.integration.test_api_endpoints" name="test_cancel_and_resume_endpoints" time="0.089" /><testcase classname="tests.integration.test_api_endpoints" name="test_change_card_endpoint" time="0.081" /><testcase classname="tests.integration.test_api_endpoints" name="test_list_payments_endpoint" time="0.088" /><testcase classname="tests.integration.test_api_endpoints" name="test_list_payments_includes_cancel_fee" time="0.078" /><testcase classname="tests.integration.test_api_endpoints" name="test_cross_service_isolation" time="0.080" /><testcase classname="tests.integration.test_api_endpoints" name="test_cross_service_mutation_isolation" time="0.205" /><testcase classname="tests.integration.test_api_endpoints" name="test_change_card_unknown_user_404" time="0.080" /><testcase classname="tests.integration.test_api_endpoints" name="test_create_trial_subscription_api" time="0.085" /><testcase classname="tests.integration.test_api_endpoints" name="test_access_allowed_flag_for_suspended" time="0.078" /><testcase classname="tests.integration.test_api_endpoints" name="test_manual_pay_api_revives_suspended" time="0.091" /><testcase classname="tests.integration.test_api_endpoints" name="test_add_days_endpoint" time="0.084" /><testcase classname="tests.integration.test_api_endpoints" name="test_add_days_cross_service_404" time="0.079" /><testcase classname="tests.integration.test_app_settings" name="test_get_global_settings_creates_singleton" time="0.037" /><testcase classname="tests.integration.test_app_settings" name="test_update_retry_settings" time="0.070" /><testcase classname="tests.integration.test_app_settings" name="test_update_admin_ips_requires_current_ip" time="0.072" /><testcase classname="tests.integration.test_app_settings" name="test_set_server_disabled_password" time="0.136" /><testcase classname="tests.integration.test_app_settings" name="test_set_server_disabled_reason_required" time="0.130" /><testcase classname="tests.integration.test_audit" name="test_record_audit_persists" time="0.037" /><testcase classname="tests.integration.test_audit" name="test_record_audit_actor_service_id" time="0.036" /><testcase classname="tests.integration.test_audit" name="test_recording_email_sender" time="0.033" /><testcase classname="tests.integration.test_auth_service" name="test_login_success_creates_redis_session" time="0.117" /><testcase classname="tests.integration.test_auth_service" name="test_login_wrong_password_generic_error" time="0.105" /><testcase classname="tests.integration.test_auth_service" name="test_login_unknown_email_same_error_shape" time="0.069" /><testcase classname="tests.integration.test_auth_service" name="test_lockout_after_5_failures" time="0.248" /><testcase classname="tests.integration.test_auth_service" name="test_lockout_threshold_is_runtime_configurable" time="0.143" /><testcase classname="tests.integration.test_auth_service" name="test_lock_expires_and_allows_login" time="0.109" /><testcase classname="tests.integration.test_auth_service" name="test_pending_user_cannot_login" time="0.069" /><testcase classname="tests.integration.test_auth_service" name="test_logout_destroys_session" time="0.107" /><testcase classname="tests.integration.test_auth_service" name="test_setup_password_with_valid_token" time="0.150" /><testcase classname="tests.integration.test_auth_service" name="test_setup_password_rejects_expired_token" time="0.068" /><testcase classname="tests.integration.test_auth_service" name="test_setup_password_rejects_weak_password" time="0.067" /><testcase classname="tests.integration.test_auth_service" name="test_session_key_has_ttl" time="0.105" /><testcase classname="tests.integration.test_auth_service" name="test_unknown_email_attempt_is_audited" time="0.070" /><testcase classname="tests.integration.test_auth_service" name="test_password_change_destroys_sessions_and_other_tokens" time="0.147" /><testcase classname="tests.integration.test_auth_service" name="test_login_rejected_for_disabled_account" time="0.072" /><testcase classname="tests.integration.test_auth_service" name="test_login_rejected_for_deleted_account" time="0.071" /><testcase classname="tests.integration.test_dashboard" name="test_revenue_cards_total_sub_oneoff_refund" time="0.071" /><testcase classname="tests.integration.test_dashboard" name="test_sub_cards_counts_and_expired_from_audit" time="0.072" /><testcase classname="tests.integration.test_dashboard" name="test_status_donut_includes_expired" time="0.066" /><testcase classname="tests.integration.test_dashboard" name="test_twelve_month_series_subs_and_one_off" time="0.066" /><testcase classname="tests.integration.test_dashboard" name="test_daily_trend_30_days" time="0.065" /><testcase classname="tests.integration.test_dashboard" name="test_sub_cards_cancel_scoped_to_service" time="0.108" /><testcase classname="tests.integration.test_dashboard" name="test_series_buckets_multi_period" time="0.073" /><testcase classname="tests.integration.test_dashboard" name="test_service_revenue_and_subs_admin_only" time="0.107" /><testcase classname="tests.integration.test_killswitch" name="test_ensure_server_enabled_raises_when_disabled" time="0.084" /><testcase classname="tests.integration.test_killswitch" name="test_ensure_server_enabled_passes_when_active" time="0.036" /><testcase classname="tests.integration.test_killswitch" name="test_ensure_server_enabled_uses_default_message_when_no_reason" time="0.036" /><testcase classname="tests.integration.test_killswitch" name="test_ensure_server_enabled_caches_in_redis" time="0.038" /><testcase classname="tests.integration.test_killswitch" name="test_set_server_disabled_invalidates_cache" time="0.109" /><testcase classname="tests.integration.test_models" name="test_one_subscription_per_service_user_enforced_by_db" time="0.037" /><testcase classname="tests.integration.test_models" name="test_expired_subscription_allows_resubscribe" time="0.033" /><testcase classname="tests.integration.test_models" name="test_service_cancel_policy_defaults" time="0.034" /><testcase classname="tests.integration.test_one_off_payment" name="test_one_off_success_deletes_billing_key" time="0.039" /><testcase classname="tests.integration.test_one_off_payment" name="test_one_off_idempotent_same_order_id" time="0.040" /><testcase classname="tests.integration.test_one_off_payment" name="test_one_off_same_order_id_isolated_per_service" time="0.043" /><testcase classname="tests.integration.test_one_off_payment" name="test_one_off_card_declined_failed" time="0.041" /><testcase classname="tests.integration.test_one_off_payment" name="test_one_off_max_amount_runtime_configurable" time="0.083" /><testcase classname="tests.integration.test_one_off_payment" name="test_one_off_timeout_pending" time="0.040" /><testcase classname="tests.integration.test_one_off_payment" name="test_reconcile_confirms_one_off" time="0.056" /><testcase classname="tests.integration.test_payment_cancel" name="test_cancel_full_refund_no_fee" time="0.038" /><testcase classname="tests.integration.test_payment_cancel" name="test_cancel_partial_with_fee" time="0.039" /><testcase classname="tests.integration.test_payment_cancel" name="test_cancel_disabled" time="0.040" /><testcase classname="tests.integration.test_payment_cancel" name="test_cancel_rejects_non_done_or_other_service" time="0.038" /><testcase classname="tests.integration.test_payment_cancel" name="test_cancel_toss_error_keeps_done" time="0.040" /><testcase classname="tests.integration.test_payment_cancel" name="test_cancel_rejects_non_done" time="0.038" /><testcase classname="tests.integration.test_payment_cancel" name="test_cancel_full_fee_no_refund" time="0.041" /><testcase classname="tests.integration.test_plans_service" name="test_create_plan_month" time="0.036" /><testcase classname="tests.integration.test_plans_service" name="test_create_plan_day_requires_cycle_days" time="0.036" /><testcase classname="tests.integration.test_plans_service" name="test_create_plan_non_day_rejects_cycle_days" time="0.032" /><testcase classname="tests.integration.test_plans_service" name="test_create_plan_validates_price_and_discount" time="0.034" /><testcase classname="tests.integration.test_plans_service" name="test_add_bonus_days" time="0.051" /><testcase classname="tests.integration.test_plans_service" name="test_add_bonus_days_rejects_non_positive" time="0.039" /><testcase classname="tests.integration.test_plans_service" name="test_update_plan" time="0.039" /><testcase classname="tests.integration.test_plans_service" name="test_update_plan_billing_cycle_immutable" time="0.038" /><testcase classname="tests.integration.test_plans_service" name="test_delete_plan_blocked_when_subscription_exists" time="0.038" /><testcase classname="tests.integration.test_plans_service" name="test_delete_plan_without_subscriptions" time="0.040" /><testcase classname="tests.integration.test_plans_service" name="test_archive_plan_hides_from_active_list" time="0.038" /><testcase classname="tests.integration.test_plans_service" name="test_activate_plan_restores_to_active_list" time="0.078" /><testcase classname="tests.integration.test_plans_service" name="test_plan_scoped_to_service" time="0.043" /><testcase classname="tests.integration.test_plans_service" name="test_update_only_discount_value" time="0.039" /><testcase classname="tests.integration.test_plans_service" name="test_update_type_to_none_clears_value" time="0.045" /><testcase classname="tests.integration.test_plans_service" name="test_update_price_audited_with_old_and_new" time="0.041" /><testcase classname="tests.integration.test_plans_service" name="test_zero_discount_value_rejected" time="0.036" /><testcase classname="tests.integration.test_plans_service" name="test_expired_subscription_also_blocks_plan_delete" time="0.038" /><testcase classname="tests.integration.test_plans_service" name="test_recurring_discount_type_enum_values" time="0.035" /><testcase classname="tests.integration.test_plans_service" name="test_auto_renew_false_allows_trial" time="0.040" /><testcase classname="tests.integration.test_plans_service" name="test_auto_renew_false_allowed_without_trial" time="0.040" /><testcase classname="tests.integration.test_plans_service" name="test_extra_info_stored" time="0.038" /><testcase classname="tests.integration.test_plans_service" name="test_extra_info_defaults_to_empty" time="0.037" /><testcase classname="tests.integration.test_plans_service" name="test_collect_extra_info_valid" time="0.032" /><testcase classname="tests.integration.test_plans_service" name="test_collect_extra_info_empty_key_error" time="0.033" /><testcase classname="tests.integration.test_plans_service" name="test_collect_extra_info_duplicate_key_last_wins" time="0.034" /><testcase classname="tests.integration.test_registry" name="test_register_service_creates_keys_and_assigns_managers" time="0.125" /><testcase classname="tests.integration.test_registry" name="test_register_service_existing_primary_service_uses_junction" time="0.074" /><testcase classname="tests.integration.test_registry" name="test_register_service_does_not_create_users" time="0.070" /><testcase classname="tests.integration.test_registry" name="test_register_primary_auto_included" time="0.104" /><testcase classname="tests.integration.test_registry" name="test_register_rejects_empty_managers" time="0.031" /><testcase classname="tests.integration.test_registry" name="test_register_rejects_unknown_account" time="0.033" /><testcase classname="tests.integration.test_registry" name="test_register_rejects_deleted_account" time="0.067" /><testcase classname="tests.integration.test_registry" name="test_register_rejects_non_manager_role" time="0.065" /><testcase classname="tests.integration.test_registry" name="test_register_duplicate_name_conflicts" time="0.104" /><testcase classname="tests.integration.test_registry" name="test_register_rejects_invalid_ip" time="0.064" /><testcase classname="tests.integration.test_registry" name="test_rotate_keys_invalidates_old" time="0.072" /><testcase classname="tests.integration.test_registry" name="test_update_allowed_ips" time="0.071" /><testcase classname="tests.integration.test_registry" name="test_delete_service_blocked_when_subscription_exists" time="0.039" /><testcase classname="tests.integration.test_registry" name="test_delete_service_without_subscriptions" time="0.077" /><testcase classname="tests.integration.test_registry" name="test_set_service_status" time="0.037" /><testcase classname="tests.integration.test_registry" name="test_register_rejects_empty_ip_list" time="0.066" /><testcase classname="tests.integration.test_registry" name="test_register_whitespace_duplicate_name_conflicts" time="0.105" /><testcase classname="tests.integration.test_registry" name="test_delete_service_cascades_manager_user" time="0.076" /><testcase classname="tests.integration.test_registry" name="test_set_primary_manager_updates_manager_email" time="0.107" /><testcase classname="tests.integration.test_registry" name="test_set_primary_manager_rejects_non_manager_of_service" time="0.104" /><testcase classname="tests.integration.test_renewals" name="test_renews_due_subscription" time="0.069" /><testcase classname="tests.integration.test_renewals" name="test_renews_extended_subscription_to_active" time="0.057" /><testcase classname="tests.integration.test_renewals" name="test_not_due_untouched" time="0.045" /><testcase classname="tests.integration.test_renewals" name="test_failure_moves_to_past_due_and_notifies" time="0.062" /><testcase classname="tests.integration.test_renewals" name="test_retry_success_restores_active_continuous_period" time="0.058" /><testcase classname="tests.integration.test_renewals" name="test_retries_exhausted_suspends_and_keeps_key" time="0.060" /><testcase classname="tests.integration.test_renewals" name="test_full_retry_storyline_to_suspended" time="0.112" /><testcase classname="tests.integration.test_renewals" name="test_suspended_expires_after_grace" time="0.054" /><testcase classname="tests.integration.test_renewals" name="test_suspended_within_grace_kept" time="0.047" /><testcase classname="tests.integration.test_renewals" name="test_trial_expiry_charges_to_active" time="0.058" /><testcase classname="tests.integration.test_renewals" name="test_trial_charge_failure_goes_past_due" time="0.056" /><testcase classname="tests.integration.test_renewals" name="test_canceled_expires_at_period_end_without_charge" time="0.054" /><testcase classname="tests.integration.test_renewals" name="test_canceled_before_period_end_kept" time="0.055" /><testcase classname="tests.integration.test_renewals" name="test_redis_lock_prevents_double_charge" time="0.056" /><testcase classname="tests.integration.test_renewals" name="test_crash_recovery_done_payment_advances_without_recharge" time="0.057" /><testcase classname="tests.integration.test_renewals" name="test_renewal_timeout_resolved_by_lookup" time="0.056" /><testcase classname="tests.integration.test_renewals" name="test_renewal_timeout_unresolved_preserved_then_converges" time="0.065" /><testcase classname="tests.integration.test_renewals" name="test_reconcile_stuck_first_payment_done" time="0.057" /><testcase classname="tests.integration.test_renewals" name="test_reconcile_stuck_first_payment_not_found_expires" time="0.057" /><testcase classname="tests.integration.test_renewals" name="test_reconcile_young_pending_untouched" time="0.045" /><testcase classname="tests.integration.test_renewals" name="test_reconcile_canceled_sub_with_done_payment_stays_canceled" time="0.053" /><testcase classname="tests.integration.test_renewals" name="test_reconcile_orphan_renewal_on_canceled_sub_done" time="0.053" /><testcase classname="tests.integration.test_renewals" name="test_reconcile_skips_renewal_pending_while_sub_in_pool" time="0.045" /><testcase classname="tests.integration.test_renewals" name="test_delete_404_treated_as_success" time="0.031" /><testcase classname="tests.integration.test_renewals" name="test_non_renewing_expires_at_period_end" time="0.053" /><testcase classname="tests.integration.test_renewals" name="test_retry_limit_from_global_settings" time="0.106" /><testcase classname="tests.integration.test_scheduler" name="test_run_renewals_processes_due" time="0.090" /><testcase classname="tests.integration.test_scheduler" name="test_run_renewals_skips_when_global_lock_held" time="0.071" /><testcase classname="tests.integration.test_scheduler" name="test_start_scheduler_registers_interval_job" time="0.068" /><testcase classname="tests.integration.test_scheduler" name="test_create_system_admin" time="0.069" /><testcase classname="tests.integration.test_scheduler" name="test_create_system_admin_duplicate_email_conflicts" time="0.070" /><testcase classname="tests.integration.test_scheduler" name="test_create_system_admin_weak_password_rejected" time="0.033" /><testcase classname="tests.integration.test_settlement" name="test_summary_groups_by_service_amount_desc" time="0.051" /><testcase classname="tests.integration.test_settlement" name="test_summary_boundary_half_open" time="0.045" /><testcase classname="tests.integration.test_settlement" name="test_summary_scope_limits_services" time="0.048" /><testcase classname="tests.integration.test_settlement" name="test_summary_open_range" time="0.053" /><testcase classname="tests.integration.test_settlement" name="test_settlement_split_counts_and_plan_filter" time="0.045" /><testcase classname="tests.integration.test_settlement" name="test_settlement_reflects_canceled_refund" time="0.039" /><testcase classname="tests.integration.test_settlement" name="test_settlement_splits_subscription_and_one_off" time="0.078" /><testcase classname="tests.integration.test_subscription_create" name="test_create_with_full_price" time="0.043" /><testcase classname="tests.integration.test_subscription_create" name="test_first_subscription_free_skips_charge" time="0.044" /><testcase classname="tests.integration.test_subscription_create" name="test_free_benefit_not_repeatable" time="0.049" /><testcase classname="tests.integration.test_subscription_create" name="test_first_subscription_discount_amount" time="0.043" /><testcase classname="tests.integration.test_subscription_create" name="test_resubscribe_after_expiry_pays_full_price" time="0.050" /><testcase classname="tests.integration.test_subscription_create" name="test_duplicate_subscription_conflicts" time="0.039" /><testcase classname="tests.integration.test_subscription_create" name="test_concurrent_create_only_one_wins" time="0.045" /><testcase classname="tests.integration.test_subscription_create" name="test_billing_key_issue_failure" time="0.041" /><testcase classname="tests.integration.test_subscription_create" name="test_first_charge_failure_not_persisted_keeps_benefit" time="0.054" /><testcase classname="tests.integration.test_subscription_create" name="test_timeout_with_actual_approval_resolves_done" time="0.043" /><testcase classname="tests.integration.test_subscription_create" name="test_timeout_without_approval_stays_unresolved" time="0.043" /><testcase classname="tests.integration.test_subscription_create" name="test_timeout_then_lookup_error_stays_unresolved" time="0.043" /><testcase classname="tests.integration.test_subscription_create" name="test_charge_failure_with_delete_failure_logs_orphan_key" time="0.045" /><testcase classname="tests.integration.test_subscription_create" name="test_invalid_customer_key_rejected" time="0.038" /><testcase classname="tests.integration.test_subscription_create" name="test_plan_of_other_service_not_found" time="0.038" /><testcase classname="tests.integration.test_subscription_create" name="test_archived_plan_not_subscribable" time="0.034" /><testcase classname="tests.integration.test_subscription_create" name="test_create_subscription_records_actor_service_id" time="0.048" /><testcase classname="tests.integration.test_subscription_create" name="test_subscription_no_auto_renew_sets_no_next_billing" time="0.052" /><testcase classname="tests.integration.test_subscription_create" name="test_auto_renew_true_plan_has_next_billing" time="0.051" /><testcase classname="tests.integration.test_subscription_create" name="test_trial_with_no_auto_renew_keeps_first_charge_schedule" time="0.045" /><testcase classname="tests.integration.test_subscription_manage" name="test_cancel_active_subscription" time="0.092" /><testcase classname="tests.integration.test_subscription_manage" name="test_cancel_past_due_stops_retries" time="0.055" /><testcase classname="tests.integration.test_subscription_manage" name="test_cancel_already_canceled_conflicts" time="0.040" /><testcase classname="tests.integration.test_subscription_manage" name="test_cancel_nonexistent_not_found" time="0.040" /><testcase classname="tests.integration.test_subscription_manage" name="test_resume_before_period_end" time="0.045" /><testcase classname="tests.integration.test_subscription_manage" name="test_resume_no_auto_renew_keeps_no_next_billing" time="0.047" /><testcase classname="tests.integration.test_subscription_manage" name="test_resume_canceled_past_due_resumes_retry" time="0.052" /><testcase classname="tests.integration.test_subscription_manage" name="test_resume_after_period_end_conflicts" time="0.041" /><testcase classname="tests.integration.test_subscription_manage" name="test_change_card" time="0.043" /><testcase classname="tests.integration.test_subscription_manage" name="test_change_card_on_past_due_schedules_immediate_retry" time="0.044" /><testcase classname="tests.integration.test_subscription_manage" name="test_change_card_issue_failure_keeps_old_key" time="0.049" /><testcase classname="tests.integration.test_subscription_manage" name="test_get_latest_subscription_returns_most_recent" time="0.039" /><testcase classname="tests.integration.test_subscription_manage" name="test_change_card_survives_old_key_delete_failure" time="0.042" /><testcase classname="tests.integration.test_trial_and_manual" name="test_create_trial_no_charge_period_is_trial_days" time="0.042" /><testcase classname="tests.integration.test_trial_and_manual" name="test_trial_rejected_when_plan_has_no_trial" time="0.037" /><testcase classname="tests.integration.test_trial_and_manual" name="test_trial_cancel_is_immediate" time="0.045" /><testcase classname="tests.integration.test_trial_and_manual" name="test_manual_pay_revives_suspended_and_resets_anchor" time="0.052" /><testcase classname="tests.integration.test_trial_and_manual" name="test_manual_pay_requires_suspended" time="0.039" /><testcase classname="tests.integration.test_trial_and_manual" name="test_manual_pay_allows_past_due" time="0.048" /><testcase classname="tests.integration.test_trial_and_manual" name="test_manual_pay_failure_keeps_suspended" time="0.047" /><testcase classname="tests.integration.test_trial_and_manual" name="test_add_usage_days_extends_active" time="0.048" /><testcase classname="tests.integration.test_trial_and_manual" name="test_add_usage_days_keeps_none_next_billing" time="0.048" /><testcase classname="tests.integration.test_trial_and_manual" name="test_add_usage_days_rejects_non_active_state" time="0.040" /><testcase classname="tests.integration.test_trial_and_manual" name="test_add_usage_days_no_subscription" time="0.042" /><testcase classname="tests.integration.test_trial_and_manual" name="test_add_usage_days_rejects_bad_days" time="0.040" /><testcase classname="tests.integration.test_trial_and_manual" name="test_extend_subscription_sets_extended_and_dates" time="0.091" /><testcase classname="tests.integration.test_trial_and_manual" name="test_extend_subscription_rejects_expired" time="0.036" /><testcase classname="tests.integration.test_trial_and_manual" name="test_extend_subscription_rejects_past_date" time="0.036" /><testcase classname="tests.integration.test_trial_and_manual" name="test_extend_subscription_scope_enforced" time="0.035" /><testcase classname="tests.integration.test_trial_and_manual" name="test_admin_retry_payment_revives_and_audits_as_user" time="0.079" /><testcase classname="tests.integration.test_trial_and_manual" name="test_admin_retry_payment_rejects_active" time="0.071" /><testcase classname="tests.integration.test_trial_and_manual" name="test_admin_retry_payment_scope_enforced" time="0.070" /><testcase classname="tests.integration.test_trial_and_manual" name="test_admin_retry_payment_failure_keeps_state" time="0.077" /><testcase classname="tests.integration.test_trial_and_manual" name="test_recurring_discount_applied_on_create_and_renewal" time="0.059" /><testcase classname="tests.integration.test_trial_and_manual" name="test_recurring_discount_manual_pay_uses_discounted" time="0.042" /><testcase classname="tests.integration.test_webhooks" name="test_billing_deleted_notifies_manager" time="0.081" /><testcase classname="tests.integration.test_webhooks" name="test_duplicate_transmission_processed_once" time="0.078" /><testcase classname="tests.integration.test_webhooks" name="test_unknown_event_ignored" time="0.191" /><testcase classname="tests.integration.test_webhooks" name="test_payment_status_changed_verified_by_refetch" time="0.082" /><testcase classname="tests.integration.test_webhooks" name="test_payment_status_changed_spoofed_payload_not_applied" time="0.081" /><testcase classname="tests.integration.test_webhooks" name="test_webhook_from_unallowed_ip_rejected" time="0.063" /><testcase classname="tests.integration.test_webhooks" name="test_webhook_without_transmission_id_rejected" time="0.067" /><testcase classname="tests.integration.test_webhooks" name="test_payment_status_refetch_error_triggers_retry" time="0.043" /><testcase classname="tests.integration.test_webhooks" name="test_billing_deleted_reason_sanitized" time="0.074" /><testcase classname="tests.security.test_admin_security" name="test_bogus_session_cookie_redirects" time="0.069" /><testcase classname="tests.security.test_admin_security" name="test_old_session_invalid_after_logout" time="0.150" /><testcase classname="tests.security.test_admin_security" name="test_csrf_wrong_token_blocks_state_change" time="0.153" /><testcase classname="tests.security.test_admin_security" name="test_manager_cannot_rotate_service_keys" time="0.151" /><testcase classname="tests.security.test_admin_security" name="test_lockout_via_http" time="0.312" /><testcase classname="tests.security.test_admin_security" name="test_pending_user_cannot_login_http" time="0.106" /><testcase classname="tests.security.test_admin_security" name="test_login_errors_do_not_reveal_account_existence" time="0.180" /><testcase classname="tests.security.test_admin_security" name="test_manager_rotate_keys_does_not_change_keys" time="0.192" /><testcase classname="tests.security.test_hmac_auth" name="test_body_tampering_rejected" time="0.073" /><testcase classname="tests.security.test_hmac_auth" name="test_signature_for_other_path_rejected" time="0.185" /><testcase classname="tests.security.test_hmac_auth" name="test_future_timestamp_rejected" time="0.076" /><testcase classname="tests.security.test_hmac_auth" name="test_nonce_scope_is_per_service" time="0.083" /><testcase classname="tests.security.test_hmac_auth" name="test_rate_limit_returns_429" time="0.085" /><testcase classname="tests.security.test_hmac_auth" name="test_payment_rate_limit_stricter" time="0.091" /><testcase classname="tests.security.test_hmac_auth" name="test_rotated_key_invalidates_old" time="0.080" /><testcase classname="tests.security.test_hmac_auth" name="test_error_responses_do_not_leak_internals" time="0.072" /><testcase classname="tests.security.test_hmac_auth" name="test_nonce_replay_rejected_with_baseline" time="0.076" /><testcase classname="tests.security.test_hmac_auth" name="test_stale_timestamp_rejected" time="0.077" /><testcase classname="tests.security.test_hmac_auth" name="test_ip_not_in_whitelist_rejected" time="0.073" /><testcase classname="tests.unit.test_admin_helpers" name="test_parse_ips_newline_separated" time="0.000" /><testcase classname="tests.unit.test_admin_helpers" name="test_parse_ips_comma_separated_backward_compat" time="0.000" /><testcase classname="tests.unit.test_admin_helpers" name="test_parse_ips_mixed_and_blank_lines" time="0.000" /><testcase classname="tests.unit.test_admin_helpers" name="test_parse_ips_empty" time="0.000" /><testcase classname="tests.unit.test_admin_helpers" name="test_parse_ips_crlf" time="0.000" /><testcase classname="tests.unit.test_admin_helpers" name="test_validate_ips_rejects_ipv6" time="0.000" /><testcase classname="tests.unit.test_admin_helpers" name="test_date_range_parses_pair" time="0.000" /><testcase classname="tests.unit.test_admin_helpers" name="test_date_range_open_ended" time="0.000" /><testcase classname="tests.unit.test_admin_helpers" name="test_date_range_invalid_removed_from_filters" time="0.000" /><testcase classname="tests.unit.test_admin_helpers" name="test_kst_format_converts_utc_to_kst" time="0.000" /><testcase classname="tests.unit.test_admin_helpers" name="test_kst_format_none_returns_dash" time="0.000" /><testcase classname="tests.unit.test_admin_helpers" name="test_kst_format_naive_treated_as_utc" time="0.000" /><testcase classname="tests.unit.test_billing_math.TestPeriodEnd" name="test_month_normal" time="0.000" /><testcase classname="tests.unit.test_billing_math.TestPeriodEnd" name="test_month_end_clamps" time="0.000" /><testcase classname="tests.unit.test_billing_math.TestPeriodEnd" name="test_month_end_leap_year" time="0.000" /><testcase classname="tests.unit.test_billing_math.TestPeriodEnd" name="test_year" time="0.000" /><testcase classname="tests.unit.test_billing_math.TestPeriodEnd" name="test_year_leap_day" time="0.000" /><testcase classname="tests.unit.test_billing_math.TestPeriodEnd" name="test_week" time="0.000" /><testcase classname="tests.unit.test_billing_math.TestPeriodEnd" name="test_day_with_cycle_days" time="0.000" /><testcase classname="tests.unit.test_billing_math.TestPeriodEnd" name="test_day_requires_cycle_days" time="0.000" /><testcase classname="tests.unit.test_billing_math.TestPeriodEnd" name="test_unknown_cycle_rejected" time="0.000" /><testcase classname="tests.unit.test_billing_math.TestFirstAmount" name="test_none_is_full_price" time="0.000" /><testcase classname="tests.unit.test_billing_math.TestFirstAmount" name="test_free" time="0.000" /><testcase classname="tests.unit.test_billing_math.TestFirstAmount" name="test_discount_amount" time="0.000" /><testcase classname="tests.unit.test_billing_math.TestFirstAmount" name="test_discount_amount_floors_at_zero" time="0.000" /><testcase classname="tests.unit.test_billing_math.TestFirstAmount" name="test_discount_percent" time="0.000" /><testcase classname="tests.unit.test_billing_math.TestFirstAmount" name="test_discount_percent_rounds_down_remainder" time="0.000" /><testcase classname="tests.unit.test_billing_math.TestFirstAmount" name="test_discount_percent_bounds" time="0.000" /><testcase classname="tests.unit.test_billing_math.TestFirstAmount" name="test_unknown_type_rejected" time="0.000" /><testcase classname="tests.unit.test_billing_math" name="test_recurring_amount_none_amount_percent" time="0.000" /><testcase classname="tests.unit.test_billing_math" name="test_plan_recurring_amount" time="0.000" /><testcase classname="tests.unit.test_billing_math" name="test_plan_first_amount_ignores_recurring_discount" time="0.000" /><testcase classname="tests.unit.test_billing_math" name="test_plan_first_amount_none_type_is_full_price" time="0.000" /><testcase classname="tests.unit.test_billing_math" name="test_plan_first_amount_percent_on_full_price" time="0.000" /><testcase classname="tests.unit.test_billing_math" name="test_plan_first_amount_free_overrides" time="0.000" /><testcase classname="tests.unit.test_billing_math" name="test_breakdown_strings" time="0.000" /><testcase classname="tests.unit.test_billing_math" name="test_breakdown_no_discount_and_free" time="0.000" /><testcase classname="tests.unit.test_billing_math_edges" name="test_cancel_fee_invariant_sweep" time="0.000" /><testcase classname="tests.unit.test_billing_math_edges" name="test_cancel_fee_floor_favors_customer" time="0.000" /><testcase classname="tests.unit.test_billing_math_edges" name="test_cancel_fee_zero_and_full_percent" time="0.000" /><testcase classname="tests.unit.test_billing_math_edges" name="test_month_end_clamp_multi_step_drift" time="0.000" /><testcase classname="tests.unit.test_billing_math_edges" name="test_leap_year_boundaries" time="0.000" /><testcase classname="tests.unit.test_billing_math_edges" name="test_week_and_large_day_cycles" time="0.000" /><testcase classname="tests.unit.test_billing_math_edges" name="test_day_cycle_requires_positive_days" time="0.000" /><testcase classname="tests.unit.test_billing_math_edges" name="test_recurring_discount_can_reach_zero" time="0.000" /><testcase classname="tests.unit.test_billing_math_edges" name="test_percent_out_of_range_rejected" time="0.000" /><testcase classname="tests.unit.test_billing_math_edges" name="test_first_and_recurring_discounts_are_independent" time="0.000" /><testcase classname="tests.unit.test_client_ip" name="test_trust_proxy_off_ignores_xff" time="0.000" /><testcase classname="tests.unit.test_client_ip" name="test_single_hop_takes_rightmost" time="0.000" /><testcase classname="tests.unit.test_client_ip" name="test_single_hop_spoof_attempt_is_ignored" time="0.000" /><testcase classname="tests.unit.test_client_ip" name="test_two_hops_takes_second_from_right" time="0.000" /><testcase classname="tests.unit.test_client_ip" name="test_fewer_entries_than_hops_falls_back_to_peer" time="0.000" /><testcase classname="tests.unit.test_client_ip" name="test_missing_xff_falls_back_to_peer" time="0.000" /><testcase classname="tests.unit.test_client_ip" name="test_whitespace_and_empty_entries_are_normalized" time="0.000" /><testcase classname="tests.unit.test_config_settings" name="test_new_tunable_fields_have_expected_defaults" time="0.003" /><testcase classname="tests.unit.test_config_settings" name="test_fields_override_via_constructor" time="0.003" /><testcase classname="tests.unit.test_config_settings" name="test_default_settings_reads_environment" time="0.002" /><testcase classname="tests.unit.test_crypto" name="test_encrypt_decrypt_roundtrip" time="0.000" /><testcase classname="tests.unit.test_crypto" name="test_roundtrip_edge_cases" time="0.000" /><testcase classname="tests.unit.test_crypto" name="test_ciphertext_differs_each_time" time="0.000" /><testcase classname="tests.unit.test_crypto" name="test_tampered_ciphertext_raises" time="0.000" /><testcase classname="tests.unit.test_crypto" name="test_wrong_key_length_rejected" time="0.000" /><testcase classname="tests.unit.test_email_sender" name="test_selects_gmail_when_credentials_set" time="0.003" /><testcase classname="tests.unit.test_email_sender" name="test_selects_console_when_no_credentials" time="0.005" /><testcase classname="tests.unit.test_email_sender" name="test_gmail_send_builds_message_and_uses_starttls" time="0.020" /><testcase classname="tests.unit.test_email_sender" name="test_gmail_send_swallows_errors" time="0.021" /><testcase classname="tests.unit.test_email_sender" name="test_console_sender_returns_true" time="0.001" /><testcase classname="tests.unit.test_email_sender" name="test_recording_sender_returns_true_and_records" time="0.000" /><testcase classname="tests.unit.test_email_sender" name="test_recording_sender_fail_flag_returns_false_without_recording" time="0.000" /><testcase classname="tests.unit.test_export" name="test_xlsx_safe_guards_formula" time="0.000" /><testcase classname="tests.unit.test_export" name="test_xlsx_response_headers_and_content" time="0.004" /><testcase classname="tests.unit.test_export" name="test_xlsx_response_korean_filename" time="0.002" /><testcase classname="tests.unit.test_payment_error_labels" name="test_known_toss_code_meaning" time="0.000" /><testcase classname="tests.unit.test_payment_error_labels" name="test_known_internal_code_meaning" time="0.000" /><testcase classname="tests.unit.test_payment_error_labels" name="test_unknown_and_empty_returns_blank" time="0.000" /><testcase classname="tests.unit.test_security" name="test_api_key_format_and_uniqueness" time="0.000" /><testcase classname="tests.unit.test_security" name="test_secret_and_token_generation" time="0.000" /><testcase classname="tests.unit.test_security" name="test_sha256_hex_deterministic" time="0.000" /><testcase classname="tests.unit.test_security" name="test_sign_request_changes_with_each_component" time="0.000" /><testcase classname="tests.unit.test_security" name="test_sign_request_known_answer_vector" time="0.000" /><testcase classname="tests.unit.test_security" name="test_sign_request_rejects_newline_injection" time="0.000" /><testcase classname="tests.unit.test_security" name="test_constant_time_equals" time="0.000" /><testcase classname="tests.unit.test_security" name="test_password_hash_and_verify" time="0.095" /><testcase classname="tests.unit.test_toss_client" name="test_issue_billing_key" time="0.024" /><testcase classname="tests.unit.test_toss_client" name="test_charge_sends_idempotency_key_and_parses" time="0.015" /><testcase classname="tests.unit.test_toss_client" name="test_error_response_raises_toss_error" time="0.014" /><testcase classname="tests.unit.test_toss_client" name="test_timeout_raises_toss_timeout" time="0.014" /><testcase classname="tests.unit.test_toss_client" name="test_get_payment_by_order_id_found_and_missing" time="0.014" /><testcase classname="tests.unit.test_toss_client" name="test_delete_billing_key" time="0.014" /><testcase classname="tests.unit.test_toss_client" name="test_unparseable_success_body_maps_to_timeout_error" time="0.014" /><testcase classname="tests.unit.test_toss_client" name="test_fake_idempotent_replay_same_key" time="0.001" /><testcase classname="tests.unit.test_toss_client" name="test_fake_duplicate_order_different_key_rejected" time="0.000" /><testcase classname="tests.unit.test_transitions" name="test_expired_is_terminal" time="0.000" /><testcase classname="tests.unit.test_transitions" name="test_invalid_transition_rejected" time="0.000" /><testcase classname="tests.unit.test_transitions" name="test_suspend_records_timestamp_and_stops_billing" time="0.000" /><testcase classname="tests.unit.test_transitions" name="test_activate_resets_failure_traces" time="0.000" /><testcase classname="tests.unit.test_transitions" name="test_cancel_and_expire_stop_billing" time="0.000" /><testcase classname="tests.unit.test_transitions" name="test_self_transitions_for_renewal_and_retry" time="0.000" /><testcase classname="tests.unit.test_transitions" name="test_resume_paths_from_canceled" time="0.000" /><testcase classname="tests.unit.test_transitions" name="test_all_statuses_have_transition_entry" time="0.022" /></testsuite></testsuites>